2021-05-27 18:05:41 [[32minfo[39m] [[36mGuilds[39m] Joined to "undefined" (undefined)
2021-05-27 18:06:53 [[32minfo[39m] [[36mGuilds[39m] Joined to "undefined" (undefined)
2021-05-27 18:09:08 [[32minfo[39m] [[36mGuilds[39m] Joined to "undefined" (guildId)
2021-05-27 18:10:27 [[32minfo[39m] [[36mGuilds[39m] Joined to "undefined" (guildId)
2021-05-27 18:13:16 [[32minfo[39m] [[36mGuilds[39m] Joined to "undefined" (guildId)
2021-05-27 18:13:35 [[32minfo[39m] [[36mGuilds[39m] Joined to "undefined" (guildId)
2021-05-27 18:17:59 [[32minfo[39m] [[36mGuilds[39m] Joined to "undefined" (guildId)
2021-05-27 18:21:49 [[32minfo[39m] [[36mGuilds[39m] Joined to "undefined" (guildId)
2021-05-27 18:22:49 [[32minfo[39m] [[36mGuilds[39m] Joined to "undefined" (guildId)
2021-05-27 18:26:21 [[32minfo[39m] [[36mGuilds[39m] Joined to "undefined" (guildId)
2021-05-27 18:29:13 [[32minfo[39m] [[36mGuilds[39m] Joined to "undefined" (undefined)
2021-05-27 18:35:56 [[32minfo[39m] [[36mGuilds[39m] Joined to "undefined" (undefined)
2021-05-27 18:36:36 [[32minfo[39m] [[36mGuilds[39m] Joined to "undefined" (undefined)
2021-05-27 18:36:50 [[32minfo[39m] [[36mGuilds[39m] Joined to "undefined" (undefined)
2021-05-27 18:57:19 [[32minfo[39m] [[36mGuilds[39m] Joined to "undefined" (undefined)
2021-05-27 18:57:36 [[32minfo[39m] [[36mGuilds[39m] Joined to "undefined" (undefined)
2021-05-28 17:35:23 [[32minfo[39m] [[36mGuilds[39m] Joined to "undefined" (undefined)
2021-05-28 17:37:35 [[32minfo[39m] [[36mGuilds[39m] Joined to "undefined" (undefined)
2021-05-28 18:14:03 [[32minfo[39m] [[36mundefined[39m] Imagination Bot has joined undefined
2021-05-28 18:17:55 [[32minfo[39m] [[36mundefined[39m] Imagination Bot has joined undefined
2021-05-28 18:30:55 [[32minfo[39m] [[36mundefined[39m] Imagination Bot has joined undefined
2021-05-28 18:52:43 [[32minfo[39m] [[36mGuilds[39m] Joined to "Imagination Bot Support Discord" (842362622795448330)
2021-05-28 19:03:17 [[32minfo[39m] [[36mGuilds[39m] Joined to "Imagination Bot Support Discord" (842362622795448330)
2021-05-28 19:04:33 [[32minfo[39m] [[36mGuilds[39m] Joined to "Imagination Bot Support Discord" (842362622795448330)
2021-05-28 19:06:50 [[32minfo[39m] [[36mGuilds[39m] Joined to "Imagination Bot Support Discord" (842362622795448330)
2021-05-28 19:08:13 [[32minfo[39m] [[36mGuilds[39m] Joined to "Ruairiw8’s Private Test Server" (617028673861713986)
2021-05-28 19:35:33 [[32minfo[39m] [[36mGuilds[39m] Left from "Imagination Bot Support Discord" (842362622795448330)
2021-06-06 14:14:13 [[32minfo[39m] [[36mGuilds[39m] Left from "Ruairiw8’s Private Test Server" (617028673861713986)
